c:\users\juli\desktop\proyecto coolfarm\culfarm\x64\debug\vc143.pdb
c:\users\juli\desktop\proyecto coolfarm\culfarm\x64\debug\.netframework,version=v4.7.2.assemblyattributes.obj
c:\users\juli\desktop\proyecto coolfarm\culfarm\x64\debug\top10ventana.obj
c:\users\juli\desktop\proyecto coolfarm\culfarm\x64\debug\plaga.obj
c:\users\juli\desktop\proyecto coolfarm\culfarm\x64\debug\myform.obj
c:\users\juli\desktop\proyecto coolfarm\culfarm\x64\debug\mercado.obj
c:\users\juli\desktop\proyecto coolfarm\culfarm\x64\debug\matriz.obj
c:\users\juli\desktop\proyecto coolfarm\culfarm\x64\debug\granjero.obj
c:\users\juli\desktop\proyecto coolfarm\culfarm\x64\debug\espantapajaros.obj
c:\users\juli\desktop\proyecto coolfarm\culfarm\x64\debug\configuracion.obj
c:\users\juli\desktop\proyecto coolfarm\culfarm\x64\debug\caracteristicasarbol.obj
c:\users\juli\desktop\proyecto coolfarm\culfarm\x64\debug\avl.obj
c:\users\juli\desktop\proyecto coolfarm\culfarm\x64\debug\arbolsplay.obj
c:\users\juli\desktop\proyecto coolfarm\culfarm\x64\debug\culfarm.exe
c:\users\juli\desktop\proyecto coolfarm\culfarm\x64\debug\culfarm.pdb
c:\users\juli\desktop\proyecto coolfarm\culfarm\x64\debug\culfarm.exe.metagen
c:\users\juli\desktop\proyecto coolfarm\culfarm\x64\debug\culfarm.tlog\cl.command.1.tlog
c:\users\juli\desktop\proyecto coolfarm\culfarm\x64\debug\culfarm.tlog\cl.read.1.tlog
c:\users\juli\desktop\proyecto coolfarm\culfarm\x64\debug\culfarm.tlog\cl.write.1.tlog
c:\users\juli\desktop\proyecto coolfarm\culfarm\x64\debug\culfarm.tlog\link.command.1.tlog
c:\users\juli\desktop\proyecto coolfarm\culfarm\x64\debug\culfarm.tlog\link.read.1.tlog
c:\users\juli\desktop\proyecto coolfarm\culfarm\x64\debug\culfarm.tlog\link.write.1.tlog
c:\users\juli\desktop\proyecto coolfarm\culfarm\x64\debug\culfarm.tlog\metagen.read.1.tlog
c:\users\juli\desktop\proyecto coolfarm\culfarm\x64\debug\culfarm.tlog\metagen.write.1.tlog
c:\users\juli\desktop\proyecto coolfarm\culfarm\x64\debug\culfarm.tlog\resgen.command.1.tlog
c:\users\juli\desktop\proyecto coolfarm\culfarm\x64\debug\culfarm.tlog\resgen.read.1.tlog
c:\users\juli\desktop\proyecto coolfarm\culfarm\x64\debug\culfarm.tlog\resgen.write.1.tlog
